  prime.cpp
J:\dev\cpp\learn_cpp\ch_04_10\ch_4_10_q2\prime.cpp(22,7): error C2678: binary '>>': no operator found which takes a left-hand operand of type 'std::istream' (or there is no acceptable conversion)
  D:\Microsoft Visual Studio\2022\Community\VC\Tools\MSVC\14.38.33130\include\istream(296,39):
  could be 'std::basic_istream<char,std::char_traits<char>> &std::basic_istream<char,std::char_traits<char>>::operator >>(std::basic_streambuf<char,std::char_traits<char>> *)'
  D:\Microsoft Visual Studio\2022\Community\VC\Tools\MSVC\14.38.33130\include\istream(292,39):
  or       'std::basic_istream<char,std::char_traits<char>> &std::basic_istream<char,std::char_traits<char>>::operator >>(void *&)'
  D:\Microsoft Visual Studio\2022\Community\VC\Tools\MSVC\14.38.33130\include\istream(288,39):
  or       'std::basic_istream<char,std::char_traits<char>> &std::basic_istream<char,std::char_traits<char>>::operator >>(long double &)'
  D:\Microsoft Visual Studio\2022\Community\VC\Tools\MSVC\14.38.33130\include\istream(284,39):
  or       'std::basic_istream<char,std::char_traits<char>> &std::basic_istream<char,std::char_traits<char>>::operator >>(double &)'
  D:\Microsoft Visual Studio\2022\Community\VC\Tools\MSVC\14.38.33130\include\istream(280,39):
  or       'std::basic_istream<char,std::char_traits<char>> &std::basic_istream<char,std::char_traits<char>>::operator >>(float &)'
  D:\Microsoft Visual Studio\2022\Community\VC\Tools\MSVC\14.38.33130\include\istream(276,39):
  or       'std::basic_istream<char,std::char_traits<char>> &std::basic_istream<char,std::char_traits<char>>::operator >>(unsigned __int64 &)'
  D:\Microsoft Visual Studio\2022\Community\VC\Tools\MSVC\14.38.33130\include\istream(272,39):
  or       'std::basic_istream<char,std::char_traits<char>> &std::basic_istream<char,std::char_traits<char>>::operator >>(__int64 &)'
  D:\Microsoft Visual Studio\2022\Community\VC\Tools\MSVC\14.38.33130\include\istream(268,39):
  or       'std::basic_istream<char,std::char_traits<char>> &std::basic_istream<char,std::char_traits<char>>::operator >>(unsigned long &)'
  D:\Microsoft Visual Studio\2022\Community\VC\Tools\MSVC\14.38.33130\include\istream(264,39):
  or       'std::basic_istream<char,std::char_traits<char>> &std::basic_istream<char,std::char_traits<char>>::operator >>(long &)'
  D:\Microsoft Visual Studio\2022\Community\VC\Tools\MSVC\14.38.33130\include\istream(260,39):
  or       'std::basic_istream<char,std::char_traits<char>> &std::basic_istream<char,std::char_traits<char>>::operator >>(unsigned int &)'
  D:\Microsoft Visual Studio\2022\Community\VC\Tools\MSVC\14.38.33130\include\istream(252,39):
  or       'std::basic_istream<char,std::char_traits<char>> &std::basic_istream<char,std::char_traits<char>>::operator >>(int &)'
  D:\Microsoft Visual Studio\2022\Community\VC\Tools\MSVC\14.38.33130\include\istream(248,39):
  or       'std::basic_istream<char,std::char_traits<char>> &std::basic_istream<char,std::char_traits<char>>::operator >>(unsigned short &)'
  D:\Microsoft Visual Studio\2022\Community\VC\Tools\MSVC\14.38.33130\include\istream(216,39):
  or       'std::basic_istream<char,std::char_traits<char>> &std::basic_istream<char,std::char_traits<char>>::operator >>(short &)'
  D:\Microsoft Visual Studio\2022\Community\VC\Tools\MSVC\14.38.33130\include\istream(212,39):
  or       'std::basic_istream<char,std::char_traits<char>> &std::basic_istream<char,std::char_traits<char>>::operator >>(bool &)'
  D:\Microsoft Visual Studio\2022\Community\VC\Tools\MSVC\14.38.33130\include\istream(183,39):
  or       'std::basic_istream<char,std::char_traits<char>> &std::basic_istream<char,std::char_traits<char>>::operator >>(std::ios_base &(__cdecl *)(std::ios_base &))'
  D:\Microsoft Visual Studio\2022\Community\VC\Tools\MSVC\14.38.33130\include\istream(178,39):
  or       'std::basic_istream<char,std::char_traits<char>> &std::basic_istream<char,std::char_traits<char>>::operator >>(std::basic_ios<char,std::char_traits<char>> &(__cdecl *)(std::basic_ios<char,std::char_traits<char>> &))'
  D:\Microsoft Visual Studio\2022\Community\VC\Tools\MSVC\14.38.33130\include\istream(173,39):
  or       'std::basic_istream<char,std::char_traits<char>> &std::basic_istream<char,std::char_traits<char>>::operator >>(std::basic_istream<char,std::char_traits<char>> &(__cdecl *)(std::basic_istream<char,std::char_traits<char>> &))'
  J:\dev\cpp\learn_cpp\ch_04_10\ch_4_10_q2\prime.cpp(22,7):
  or       'built-in C++ operator>>(int, int)'
  D:\Microsoft Visual Studio\2022\Community\VC\Tools\MSVC\14.38.33130\include\xstring(5144,32):
  or       'std::basic_istream<_Elem,_Traits> &std::operator >>(std::basic_istream<_Elem,_Traits> &,std::basic_string<_Elem,_Traits,_Alloc> &)'
  	J:\dev\cpp\learn_cpp\ch_04_10\ch_4_10_q2\prime.cpp(22,7):
  	'std::basic_istream<_Elem,_Traits> &std::operator >>(std::basic_istream<_Elem,_Traits> &,std::basic_string<_Elem,_Traits,_Alloc> &)': could not deduce template argument for 'std::basic_string<_Elem,_Traits,_Alloc> &' from 'int'
  D:\Microsoft Visual Studio\2022\Community\VC\Tools\MSVC\14.38.33130\include\istream(842,32):
  or       'std::basic_istream<_Elem,_Traits> &std::operator >>(std::basic_istream<_Elem,_Traits> &,_Elem *)'
  	J:\dev\cpp\learn_cpp\ch_04_10\ch_4_10_q2\prime.cpp(22,7):
  	'std::basic_istream<_Elem,_Traits> &std::operator >>(std::basic_istream<_Elem,_Traits> &,_Elem *)': could not deduce template argument for '_Elem *' from 'int'
  D:\Microsoft Visual Studio\2022\Community\VC\Tools\MSVC\14.38.33130\include\istream(847,31):
  or       'std::basic_istream<char,_Traits> &std::operator >>(std::basic_istream<char,_Traits> &,signed char *)'
  	J:\dev\cpp\learn_cpp\ch_04_10\ch_4_10_q2\prime.cpp(22,31):
  	'initializing': cannot convert from 'int' to 'signed char *'
  		J:\dev\cpp\learn_cpp\ch_04_10\ch_4_10_q2\prime.cpp(22,31):
  		Conversion from integral type to pointer type requires reinterpret_cast, C-style cast or parenthesized function-style cast
  D:\Microsoft Visual Studio\2022\Community\VC\Tools\MSVC\14.38.33130\include\istream(852,31):
  or       'std::basic_istream<char,_Traits> &std::operator >>(std::basic_istream<char,_Traits> &,unsigned char *)'
  	J:\dev\cpp\learn_cpp\ch_04_10\ch_4_10_q2\prime.cpp(22,31):
  	'initializing': cannot convert from 'int' to 'unsigned char *'
  		J:\dev\cpp\learn_cpp\ch_04_10\ch_4_10_q2\prime.cpp(22,31):
  		Conversion from integral type to pointer type requires reinterpret_cast, C-style cast or parenthesized function-style cast
  D:\Microsoft Visual Studio\2022\Community\VC\Tools\MSVC\14.38.33130\include\istream(858,32):
  or       'std::basic_istream<_Elem,_Traits> &std::operator >>(std::basic_istream<_Elem,_Traits> &,_Elem &)'
  	J:\dev\cpp\learn_cpp\ch_04_10\ch_4_10_q2\prime.cpp(22,7):
  	'std::basic_istream<_Elem,_Traits> &std::operator >>(std::basic_istream<_Elem,_Traits> &,_Elem &)': template parameter '_Elem' is ambiguous
  		J:\dev\cpp\learn_cpp\ch_04_10\ch_4_10_q2\prime.cpp(22,7):
  		could be 'int'
  		J:\dev\cpp\learn_cpp\ch_04_10\ch_4_10_q2\prime.cpp(22,7):
  		or       'char'
  	J:\dev\cpp\learn_cpp\ch_04_10\ch_4_10_q2\prime.cpp(22,7):
  	'std::basic_istream<_Elem,_Traits> &std::operator >>(std::basic_istream<_Elem,_Traits> &,_Elem &)': could not deduce template argument for '_Elem &' from 'int'
  D:\Microsoft Visual Studio\2022\Community\VC\Tools\MSVC\14.38.33130\include\istream(881,31):
  or       'std::basic_istream<char,_Traits> &std::operator >>(std::basic_istream<char,_Traits> &,signed char &)'
  	J:\dev\cpp\learn_cpp\ch_04_10\ch_4_10_q2\prime.cpp(22,31):
  	'initializing': cannot convert from 'int' to 'signed char &'
  D:\Microsoft Visual Studio\2022\Community\VC\Tools\MSVC\14.38.33130\include\istream(887,31):
  or       'std::basic_istream<char,_Traits> &std::operator >>(std::basic_istream<char,_Traits> &,unsigned char &)'
  	J:\dev\cpp\learn_cpp\ch_04_10\ch_4_10_q2\prime.cpp(22,31):
  	'initializing': cannot convert from 'int' to 'unsigned char &'
  D:\Microsoft Visual Studio\2022\Community\VC\Tools\MSVC\14.38.33130\include\istream(900,9):
  or       '_Istr &&std::operator >>(_Istr &&,_Ty &&)'
  	J:\dev\cpp\learn_cpp\ch_04_10\ch_4_10_q2\prime.cpp(22,7):
  	'_Istr &&std::operator >>(_Istr &&,_Ty &&)': could not deduce template argument for '__formal'
  		D:\Microsoft Visual Studio\2022\Community\VC\Tools\MSVC\14.38.33130\include\istream(899,102):
  		'<template-parameter>': you cannot create a pointer to a reference
  J:\dev\cpp\learn_cpp\ch_04_10\ch_4_10_q2\prime.cpp(22,7):
  while trying to match the argument list '(std::istream, int)'
  
